<?xml version="1.0" encoding="UTF-8"?>
<!-- Generated by org.testng.reporters.JUnitReportReporter -->
<testsuite hostname="DESKTOP-G73396H" failures="0" tests="5" name="operations.TestFeeCalculation" time="0.237" errors="0" timestamp="2023-06-11T09:05:52 EEST" skipped="0">
  <testcase classname="operations.TestFeeCalculation" name="calculateAmountLarge" time="0.219"/>
  <system-out/>
  <testcase classname="operations.TestFeeCalculation" name="calculateAmountLarge" time="0.004"/>
  <system-out/>
  <testcase classname="operations.TestFeeCalculation" name="calculateAmountSmall" time="0.005"/>
  <system-out/>
  <testcase classname="operations.TestFeeCalculation" name="calculateAmountSmall" time="0.005"/>
  <system-out/>
  <testcase classname="operations.TestFeeCalculation" name="calculateAmountLarge" time="0.004"/>
  <system-out/>
</testsuite> <!-- operations.TestFeeCalculation -->
